<?xml version="1.0" encoding="UTF-8"?>
<!-- Generated by org.testng.reporters.JUnitXMLReporter -->
<testsuite ignored="1" hostname="PIDI-CPU-14614" failures="0" tests="1" name="Surefire test" time="9.032" errors="0" timestamp="2025-07-16T12:35:14 SGT">
  <testcase classname="base.com.saucedemo.test.TestProductpage" name="testProductslist" time="2.487"/>
  <testcase classname="base.com.saucedemo.test.TestProductpage" name="testProductpage" time="0.0">
    <ignored/>
  </testcase> <!-- testProductpage -->
</testsuite> <!-- Surefire test -->
