<?xml version="1.0" encoding="UTF-8"?>
<testng-results ignored="1" total="2" passed="1" failed="0" skipped="0">
  <reporter-output>
  </reporter-output>
  <suite started-at="2025-07-16T12:35:05 SGT" name="Surefire suite" finished-at="2025-07-16T12:35:14 SGT" duration-ms="9032">
    <groups>
    </groups>
    <test started-at="2025-07-16T12:35:05 SGT" name="Surefire test" finished-at="2025-07-16T12:35:14 SGT" duration-ms="9032">
      <class name="base.com.saucedemo.test.TestProductpage">
        <test-method is-config="true" signature="setUp()[pri:0, instance:base.com.saucedemo.test.TestProductpage@1d119efb]" started-at="2025-07-16T12:35:05 SGT" name="setUp" finished-at="2025-07-16T12:35:10 SGT" duration-ms="5719" status="PASS">
          <reporter-output>
          </reporter-output>
        </test-method> <!-- setUp -->
        <test-method signature="testProductslist()[pri:0, instance:base.com.saucedemo.test.TestProductpage@1d119efb]" started-at="2025-07-16T12:35:10 SGT" name="testProductslist" finished-at="2025-07-16T12:35:13 SGT" duration-ms="2487" status="PASS">
          <reporter-output>
          </reporter-output>
        </test-method> <!-- testProductslist -->
        <test-method is-config="true" signature="tearDown()[pri:0, instance:base.com.saucedemo.test.TestProductpage@1d119efb]" started-at="2025-07-16T12:35:13 SGT" name="tearDown" finished-at="2025-07-16T12:35:14 SGT" duration-ms="778" status="PASS">
          <reporter-output>
          </reporter-output>
        </test-method> <!-- tearDown -->
      </class> <!-- base.com.saucedemo.test.TestProductpage -->
    </test> <!-- Surefire test -->
  </suite> <!-- Surefire suite -->
</testng-results>
